

Processing CategoriesController#index (for 127.0.0.1 at 2009-05-02 15:29:47) [GET]
  [4;36;1mCategory Load (1.5ms)[0m   [0;1mSELECT * FROM "categories" WHERE ("categories"."parent_id" IS NULL) ORDER BY "lft" LIMIT 1[0m
  [4;35;1mCategory Load (1.0ms)[0m   [0mSELECT * FROM "categories" WHERE ("categories"."parent_id" = 1) ORDER BY "lft"[0m
  [4;36;1mCategory Load (0.9ms)[0m   [0;1mSELECT * FROM "categories" WHERE ("categories"."parent_id" = 2) ORDER BY "lft"[0m
  [4;35;1mCategory Load (0.5ms)[0m   [0mSELECT * FROM "categories" WHERE ("categories"."parent_id" = 3) ORDER BY "lft"[0m
  [4;36;1mCategory Load (0.4ms)[0m   [0;1mSELECT * FROM "categories" WHERE ("categories"."parent_id" = 4) ORDER BY "lft"[0m
  [4;35;1mCategory Load (0.5ms)[0m   [0mSELECT * FROM "categories" WHERE ("categories"."parent_id" = 5) ORDER BY "lft"[0m
  [4;36;1mCategory Load (0.5ms)[0m   [0;1mSELECT * FROM "categories" WHERE ("categories"."parent_id" = 6) ORDER BY "lft"[0m
  [4;35;1mCategory Load (0.8ms)[0m   [0mSELECT * FROM "categories" WHERE ("categories"."parent_id" = 7) ORDER BY "lft"[0m
  [4;36;1mCategory Load (0.4ms)[0m   [0;1mSELECT * FROM "categories" WHERE ("categories"."parent_id" = 8) ORDER BY "lft"[0m
  [4;35;1mCategory Load (0.4ms)[0m   [0mSELECT * FROM "categories" WHERE ("categories"."parent_id" = 9) ORDER BY "lft"[0m
  [4;36;1mCategory Load (0.5ms)[0m   [0;1mSELECT * FROM "categories" WHERE ("categories"."parent_id" = 10) ORDER BY "lft"[0m
  [4;35;1mCategory Load (0.8ms)[0m   [0mSELECT * FROM "categories" WHERE ("categories"."parent_id" = 11) ORDER BY "lft"[0m
  [4;36;1mCategory Load (0.5ms)[0m   [0;1mSELECT * FROM "categories" WHERE ("categories"."parent_id" = 12) ORDER BY "lft"[0m
  [4;35;1mCategory Load (0.9ms)[0m   [0mSELECT * FROM "categories" WHERE ("categories"."parent_id" = 13) ORDER BY "lft"[0m
  [4;36;1mCategory Load (0.4ms)[0m   [0;1mSELECT * FROM "categories" WHERE ("categories"."parent_id" = 14) ORDER BY "lft"[0m
Completed in 52ms (View: 1, DB: 10) | 200 OK [http://localhost/categories]


Processing CategoriesController#index (for 127.0.0.1 at 2009-05-02 15:30:00) [GET]
  [4;35;1mCategory Load (1.0ms)[0m   [0mSELECT * FROM "categories" WHERE ("categories"."parent_id" IS NULL) ORDER BY "lft" LIMIT 1[0m
  [4;36;1mCategory Load (0.9ms)[0m   [0;1mSELECT * FROM "categories" WHERE ("categories"."parent_id" = 1) ORDER BY "lft"[0m
  [4;35;1mCategory Load (0.9ms)[0m   [0mSELECT * FROM "categories" WHERE ("categories"."parent_id" = 2) ORDER BY "lft"[0m
  [4;36;1mCategory Load (0.4ms)[0m   [0;1mSELECT * FROM "categories" WHERE ("categories"."parent_id" = 3) ORDER BY "lft"[0m
  [4;35;1mCategory Load (0.4ms)[0m   [0mSELECT * FROM "categories" WHERE ("categories"."parent_id" = 4) ORDER BY "lft"[0m
  [4;36;1mCategory Load (0.5ms)[0m   [0;1mSELECT * FROM "categories" WHERE ("categories"."parent_id" = 5) ORDER BY "lft"[0m
  [4;35;1mCategory Load (0.4ms)[0m   [0mSELECT * FROM "categories" WHERE ("categories"."parent_id" = 6) ORDER BY "lft"[0m
  [4;36;1mCategory Load (0.7ms)[0m   [0;1mSELECT * FROM "categories" WHERE ("categories"."parent_id" = 7) ORDER BY "lft"[0m
  [4;35;1mCategory Load (0.4ms)[0m   [0mSELECT * FROM "categories" WHERE ("categories"."parent_id" = 8) ORDER BY "lft"[0m
  [4;36;1mCategory Load (0.4ms)[0m   [0;1mSELECT * FROM "categories" WHERE ("categories"."parent_id" = 9) ORDER BY "lft"[0m
  [4;35;1mCategory Load (0.5ms)[0m   [0mSELECT * FROM "categories" WHERE ("categories"."parent_id" = 10) ORDER BY "lft"[0m
  [4;36;1mCategory Load (0.8ms)[0m   [0;1mSELECT * FROM "categories" WHERE ("categories"."parent_id" = 11) ORDER BY "lft"[0m
  [4;35;1mCategory Load (0.6ms)[0m   [0mSELECT * FROM "categories" WHERE ("categories"."parent_id" = 12) ORDER BY "lft"[0m
  [4;36;1mCategory Load (0.4ms)[0m   [0;1mSELECT * FROM "categories" WHERE ("categories"."parent_id" = 13) ORDER BY "lft"[0m
  [4;35;1mCategory Load (0.4ms)[0m   [0mSELECT * FROM "categories" WHERE ("categories"."parent_id" = 14) ORDER BY "lft"[0m
Completed in 31ms (View: 1, DB: 9) | 200 OK [http://localhost/categories]


Processing CategoriesController#index (for 127.0.0.1 at 2009-05-02 15:31:53) [GET]
  [4;36;1mCategory Load (0.9ms)[0m   [0;1mSELECT * FROM "categories" WHERE ("categories"."parent_id" IS NULL) ORDER BY "lft" LIMIT 1[0m
  [4;35;1mCategory Load (0.8ms)[0m   [0mSELECT * FROM "categories" WHERE ("categories"."parent_id" = 1) ORDER BY "lft"[0m
  [4;36;1mCategory Load (0.9ms)[0m   [0;1mSELECT * FROM "categories" WHERE ("categories"."parent_id" = 2) ORDER BY "lft"[0m
  [4;35;1mCategory Load (0.6ms)[0m   [0mSELECT * FROM "categories" WHERE ("categories"."parent_id" = 3) ORDER BY "lft"[0m
  [4;36;1mCategory Load (1.1ms)[0m   [0;1mSELECT * FROM "categories" WHERE ("categories"."parent_id" = 4) ORDER BY "lft"[0m
  [4;35;1mCategory Load (0.6ms)[0m   [0mSELECT * FROM "categories" WHERE ("categories"."parent_id" = 5) ORDER BY "lft"[0m
  [4;36;1mCategory Load (0.4ms)[0m   [0;1mSELECT * FROM "categories" WHERE ("categories"."parent_id" = 6) ORDER BY "lft"[0m
  [4;35;1mCategory Load (0.8ms)[0m   [0mSELECT * FROM "categories" WHERE ("categories"."parent_id" = 7) ORDER BY "lft"[0m
  [4;36;1mCategory Load (0.4ms)[0m   [0;1mSELECT * FROM "categories" WHERE ("categories"."parent_id" = 8) ORDER BY "lft"[0m
  [4;35;1mCategory Load (0.4ms)[0m   [0mSELECT * FROM "categories" WHERE ("categories"."parent_id" = 9) ORDER BY "lft"[0m
  [4;36;1mCategory Load (0.6ms)[0m   [0;1mSELECT * FROM "categories" WHERE ("categories"."parent_id" = 10) ORDER BY "lft"[0m
  [4;35;1mCategory Load (0.9ms)[0m   [0mSELECT * FROM "categories" WHERE ("categories"."parent_id" = 11) ORDER BY "lft"[0m
  [4;36;1mCategory Load (0.5ms)[0m   [0;1mSELECT * FROM "categories" WHERE ("categories"."parent_id" = 12) ORDER BY "lft"[0m
  [4;35;1mCategory Load (0.5ms)[0m   [0mSELECT * FROM "categories" WHERE ("categories"."parent_id" = 13) ORDER BY "lft"[0m
  [4;36;1mCategory Load (0.5ms)[0m   [0;1mSELECT * FROM "categories" WHERE ("categories"."parent_id" = 14) ORDER BY "lft"[0m
Completed in 32ms (View: 1, DB: 10) | 200 OK [http://localhost/categories]


Processing CategoriesController#update to xml (for 127.0.0.1 at 2009-05-02 15:32:02) [PUT]
  Parameters: {"category"=>{"name"=>"Bags", "id"=>"3", "qty_in_stock"=>"2", "description"=>"some bags"}, "id"=>"3"}
  [4;35;1mCategory Load (0.2ms)[0m   [0mSELECT * FROM "categories" WHERE ("categories"."id" = 3) [0m
WARNING: Can't mass-assign these protected attributes: id
  [4;36;1mCategory Update (2.4ms)[0m   [0;1mUPDATE "categories" SET "description" = 'some bags', "updated_at" = '2009-05-02 21:32:02' WHERE "id" = 3[0m
  [4;35;1mCategory Load (0.7ms)[0m   [0mSELECT * FROM "categories" WHERE ("categories"."parent_id" IS NULL) ORDER BY "lft" LIMIT 1[0m
  [4;36;1mCategory Load (0.8ms)[0m   [0;1mSELECT * FROM "categories" WHERE ("categories"."parent_id" = 1) ORDER BY "lft"[0m
  [4;35;1mCategory Load (1.2ms)[0m   [0mSELECT * FROM "categories" WHERE ("categories"."parent_id" = 2) ORDER BY "lft"[0m
  [4;36;1mCategory Load (0.6ms)[0m   [0;1mSELECT * FROM "categories" WHERE ("categories"."parent_id" = 3) ORDER BY "lft"[0m
  [4;35;1mCategory Load (0.6ms)[0m   [0mSELECT * FROM "categories" WHERE ("categories"."parent_id" = 4) ORDER BY "lft"[0m
  [4;36;1mCategory Load (0.5ms)[0m   [0;1mSELECT * FROM "categories" WHERE ("categories"."parent_id" = 5) ORDER BY "lft"[0m
  [4;35;1mCategory Load (0.5ms)[0m   [0mSELECT * FROM "categories" WHERE ("categories"."parent_id" = 6) ORDER BY "lft"[0m
  [4;36;1mCategory Load (0.8ms)[0m   [0;1mSELECT * FROM "categories" WHERE ("categories"."parent_id" = 7) ORDER BY "lft"[0m
  [4;35;1mCategory Load (0.5ms)[0m   [0mSELECT * FROM "categories" WHERE ("categories"."parent_id" = 8) ORDER BY "lft"[0m
  [4;36;1mCategory Load (0.4ms)[0m   [0;1mSELECT * FROM "categories" WHERE ("categories"."parent_id" = 9) ORDER BY "lft"[0m
  [4;35;1mCategory Load (0.6ms)[0m   [0mSELECT * FROM "categories" WHERE ("categories"."parent_id" = 10) ORDER BY "lft"[0m
  [4;36;1mCategory Load (0.7ms)[0m   [0;1mSELECT * FROM "categories" WHERE ("categories"."parent_id" = 11) ORDER BY "lft"[0m
  [4;35;1mCategory Load (0.4ms)[0m   [0mSELECT * FROM "categories" WHERE ("categories"."parent_id" = 12) ORDER BY "lft"[0m
  [4;36;1mCategory Load (0.4ms)[0m   [0;1mSELECT * FROM "categories" WHERE ("categories"."parent_id" = 13) ORDER BY "lft"[0m
  [4;35;1mCategory Load (0.4ms)[0m   [0mSELECT * FROM "categories" WHERE ("categories"."parent_id" = 14) ORDER BY "lft"[0m
Completed in 40ms (View: 1, DB: 12) | 200 OK [http://localhost/categories/3.xml]


Processing CategoriesController#move (for 127.0.0.1 at 2009-05-02 15:32:09) [POST]
  Parameters: {"category"=>{"name"=>"Bags", "id"=>"3", "qty_in_stock"=>"2", "description"=>"some bags", "parent_id"=>"3"}, "id"=>"3"}
  [4;36;1mCategory Load (0.4ms)[0m   [0;1mSELECT * FROM "categories" WHERE ("categories"."id" = '3') LIMIT 1[0m
  [4;35;1mCategory Load (0.4ms)[0m   [0mSELECT * FROM "categories" WHERE ("categories"."id" = 3) [0m
  [4;36;1mCategory Load (0.2ms)[0m   [0;1mSELECT "lft", "rgt", "parent_id" FROM "categories" WHERE ("categories"."id" = 3) [0m
  [4;35;1mCACHE (0.0ms)[0m   [0mSELECT "lft", "rgt", "parent_id" FROM "categories" WHERE ("categories"."id" = 3) [0m

ActiveRecord::ActiveRecordError (Impossible move, target node cannot be inside moved tree.):
  app/controllers/categories_controller.rb:35:in `move'

Rendered rescues/_trace (133.5ms)
Rendered rescues/_request_and_response (1.7ms)
Rendering rescues/layout (internal_server_error)


Processing ApplicationController#index (for 127.0.0.1 at 2009-05-02 15:32:36) [GET]

ActionController::RoutingError (No route matches "/accounts" with {:method=>:get}):
  

Rendering rescues/layout (not_found)


Processing CategoriesController#index (for 127.0.0.1 at 2009-05-02 15:33:22) [GET]
  [4;36;1mCategory Load (1.1ms)[0m   [0;1mSELECT * FROM "categories" WHERE ("categories"."parent_id" IS NULL) ORDER BY "lft" LIMIT 1[0m
  [4;35;1mCategory Load (0.9ms)[0m   [0mSELECT * FROM "categories" WHERE ("categories"."parent_id" = 1) ORDER BY "lft"[0m
  [4;36;1mCategory Load (1.1ms)[0m   [0;1mSELECT * FROM "categories" WHERE ("categories"."parent_id" = 2) ORDER BY "lft"[0m
  [4;35;1mCategory Load (0.6ms)[0m   [0mSELECT * FROM "categories" WHERE ("categories"."parent_id" = 3) ORDER BY "lft"[0m
  [4;36;1mCategory Load (0.7ms)[0m   [0;1mSELECT * FROM "categories" WHERE ("categories"."parent_id" = 4) ORDER BY "lft"[0m
  [4;35;1mCategory Load (0.7ms)[0m   [0mSELECT * FROM "categories" WHERE ("categories"."parent_id" = 5) ORDER BY "lft"[0m
  [4;36;1mCategory Load (0.6ms)[0m   [0;1mSELECT * FROM "categories" WHERE ("categories"."parent_id" = 6) ORDER BY "lft"[0m
  [4;35;1mCategory Load (0.9ms)[0m   [0mSELECT * FROM "categories" WHERE ("categories"."parent_id" = 7) ORDER BY "lft"[0m
  [4;36;1mCategory Load (0.5ms)[0m   [0;1mSELECT * FROM "categories" WHERE ("categories"."parent_id" = 8) ORDER BY "lft"[0m
  [4;35;1mCategory Load (0.4ms)[0m   [0mSELECT * FROM "categories" WHERE ("categories"."parent_id" = 9) ORDER BY "lft"[0m
  [4;36;1mCategory Load (0.4ms)[0m   [0;1mSELECT * FROM "categories" WHERE ("categories"."parent_id" = 10) ORDER BY "lft"[0m
  [4;35;1mCategory Load (0.7ms)[0m   [0mSELECT * FROM "categories" WHERE ("categories"."parent_id" = 11) ORDER BY "lft"[0m
  [4;36;1mCategory Load (0.5ms)[0m   [0;1mSELECT * FROM "categories" WHERE ("categories"."parent_id" = 12) ORDER BY "lft"[0m
  [4;35;1mCategory Load (0.5ms)[0m   [0mSELECT * FROM "categories" WHERE ("categories"."parent_id" = 13) ORDER BY "lft"[0m
  [4;36;1mCategory Load (0.5ms)[0m   [0;1mSELECT * FROM "categories" WHERE ("categories"."parent_id" = 14) ORDER BY "lft"[0m
Completed in 51ms (View: 1, DB: 10) | 200 OK [http://localhost/categories]


Processing CategoriesController#move (for 127.0.0.1 at 2009-05-02 15:33:26) [POST]
  Parameters: {"category"=>{"name"=>"Bags", "id"=>"3", "qty_in_stock"=>"2", "description"=>"some bags", "parent_id"=>"9"}, "id"=>"9"}
  [4;35;1mCategory Load (0.3ms)[0m   [0mSELECT * FROM "categories" WHERE ("categories"."id" = '9') LIMIT 1[0m
  [4;36;1mCategory Load (0.3ms)[0m   [0;1mSELECT * FROM "categories" WHERE ("categories"."id" = 3) [0m
  [4;35;1mCategory Load (0.2ms)[0m   [0mSELECT "lft", "rgt", "parent_id" FROM "categories" WHERE ("categories"."id" = 9) [0m
  [4;36;1mCategory Load (0.1ms)[0m   [0;1mSELECT "lft", "rgt", "parent_id" FROM "categories" WHERE ("categories"."id" = 3) [0m
  [4;35;1mCategory Update (2.3ms)[0m   [0mUPDATE "categories" SET "lft" = CASE WHEN "lft" BETWEEN 3 AND 4 THEN "lft" + 15 - 4 WHEN "lft" BETWEEN 5 AND 15 THEN "lft" + 3 - 5 ELSE "lft" END, "rgt" = CASE WHEN "rgt" BETWEEN 3 AND 4 THEN "rgt" + 15 - 4 WHEN "rgt" BETWEEN 5 AND 15 THEN "rgt" + 3 - 5 ELSE "rgt" END, "parent_id" = CASE WHEN id = 3 THEN 9 ELSE "parent_id" END [0m
  [4;36;1mCategory Load (0.3ms)[0m   [0;1mSELECT "lft", "rgt", "parent_id" FROM "categories" WHERE ("categories"."id" = 9) [0m
  [4;35;1mCategory Load (0.2ms)[0m   [0mSELECT "lft", "rgt", "parent_id" FROM "categories" WHERE ("categories"."id" = 3) [0m
  [4;36;1mCategory Load (0.6ms)[0m   [0;1mSELECT * FROM "categories" WHERE ("categories"."parent_id" IS NULL) ORDER BY "lft" LIMIT 1[0m
  [4;35;1mCategory Load (0.9ms)[0m   [0mSELECT * FROM "categories" WHERE ("categories"."parent_id" = 1) ORDER BY "lft"[0m
  [4;36;1mCategory Load (1.0ms)[0m   [0;1mSELECT * FROM "categories" WHERE ("categories"."parent_id" = 2) ORDER BY "lft"[0m
  [4;35;1mCategory Load (0.4ms)[0m   [0mSELECT * FROM "categories" WHERE ("categories"."parent_id" = 4) ORDER BY "lft"[0m
  [4;36;1mCategory Load (0.4ms)[0m   [0;1mSELECT * FROM "categories" WHERE ("categories"."parent_id" = 5) ORDER BY "lft"[0m
  [4;35;1mCategory Load (0.4ms)[0m   [0mSELECT * FROM "categories" WHERE ("categories"."parent_id" = 6) ORDER BY "lft"[0m
  [4;36;1mCategory Load (0.7ms)[0m   [0;1mSELECT * FROM "categories" WHERE ("categories"."parent_id" = 7) ORDER BY "lft"[0m
  [4;35;1mCategory Load (0.4ms)[0m   [0mSELECT * FROM "categories" WHERE ("categories"."parent_id" = 8) ORDER BY "lft"[0m
  [4;36;1mCategory Load (0.6ms)[0m   [0;1mSELECT * FROM "categories" WHERE ("categories"."parent_id" = 9) ORDER BY "lft"[0m
  [4;35;1mCategory Load (0.4ms)[0m   [0mSELECT * FROM "categories" WHERE ("categories"."parent_id" = 3) ORDER BY "lft"[0m
  [4;36;1mCategory Load (0.5ms)[0m   [0;1mSELECT * FROM "categories" WHERE ("categories"."parent_id" = 10) ORDER BY "lft"[0m
  [4;35;1mCategory Load (0.8ms)[0m   [0mSELECT * FROM "categories" WHERE ("categories"."parent_id" = 11) ORDER BY "lft"[0m
  [4;36;1mCategory Load (0.4ms)[0m   [0;1mSELECT * FROM "categories" WHERE ("categories"."parent_id" = 12) ORDER BY "lft"[0m
  [4;35;1mCategory Load (0.4ms)[0m   [0mSELECT * FROM "categories" WHERE ("categories"."parent_id" = 13) ORDER BY "lft"[0m
  [4;36;1mCategory Load (0.4ms)[0m   [0;1mSELECT * FROM "categories" WHERE ("categories"."parent_id" = 14) ORDER BY "lft"[0m
Completed in 43ms (View: 1, DB: 12) | 200 OK [http://localhost/categories/9/move]


Processing CategoriesController#index (for 127.0.0.1 at 2009-05-02 15:33:38) [GET]
  [4;35;1mCategory Load (1.0ms)[0m   [0mSELECT * FROM "categories" WHERE ("categories"."parent_id" IS NULL) ORDER BY "lft" LIMIT 1[0m
  [4;36;1mCategory Load (0.8ms)[0m   [0;1mSELECT * FROM "categories" WHERE ("categories"."parent_id" = 1) ORDER BY "lft"[0m
  [4;35;1mCategory Load (0.8ms)[0m   [0mSELECT * FROM "categories" WHERE ("categories"."parent_id" = 2) ORDER BY "lft"[0m
  [4;36;1mCategory Load (0.4ms)[0m   [0;1mSELECT * FROM "categories" WHERE ("categories"."parent_id" = 4) ORDER BY "lft"[0m
  [4;35;1mCategory Load (0.4ms)[0m   [0mSELECT * FROM "categories" WHERE ("categories"."parent_id" = 5) ORDER BY "lft"[0m
  [4;36;1mCategory Load (0.6ms)[0m   [0;1mSELECT * FROM "categories" WHERE ("categories"."parent_id" = 6) ORDER BY "lft"[0m
  [4;35;1mCategory Load (0.7ms)[0m   [0mSELECT * FROM "categories" WHERE ("categories"."parent_id" = 7) ORDER BY "lft"[0m
  [4;36;1mCategory Load (0.4ms)[0m   [0;1mSELECT * FROM "categories" WHERE ("categories"."parent_id" = 8) ORDER BY "lft"[0m
  [4;35;1mCategory Load (0.6ms)[0m   [0mSELECT * FROM "categories" WHERE ("categories"."parent_id" = 9) ORDER BY "lft"[0m
  [4;36;1mCategory Load (0.4ms)[0m   [0;1mSELECT * FROM "categories" WHERE ("categories"."parent_id" = 3) ORDER BY "lft"[0m
  [4;35;1mCategory Load (0.4ms)[0m   [0mSELECT * FROM "categories" WHERE ("categories"."parent_id" = 10) ORDER BY "lft"[0m
  [4;36;1mCategory Load (0.7ms)[0m   [0;1mSELECT * FROM "categories" WHERE ("categories"."parent_id" = 11) ORDER BY "lft"[0m
  [4;35;1mCategory Load (0.4ms)[0m   [0mSELECT * FROM "categories" WHERE ("categories"."parent_id" = 12) ORDER BY "lft"[0m
  [4;36;1mCategory Load (0.4ms)[0m   [0;1mSELECT * FROM "categories" WHERE ("categories"."parent_id" = 13) ORDER BY "lft"[0m
  [4;35;1mCategory Load (0.5ms)[0m   [0mSELECT * FROM "categories" WHERE ("categories"."parent_id" = 14) ORDER BY "lft"[0m
Completed in 28ms (View: 1, DB: 8) | 200 OK [http://localhost/categories]


Processing CategoriesController#update to xml (for 127.0.0.1 at 2009-05-02 15:33:46) [PUT]
  Parameters: {"category"=>{"name"=>"Bags", "id"=>"3", "qty_in_stock"=>"2", "description"=>"some bagssss"}, "id"=>"3"}
  [4;36;1mCategory Load (0.2ms)[0m   [0;1mSELECT * FROM "categories" WHERE ("categories"."id" = 3) [0m
WARNING: Can't mass-assign these protected attributes: id
  [4;35;1mCategory Update (0.3ms)[0m   [0mUPDATE "categories" SET "description" = 'some bagssss', "updated_at" = '2009-05-02 21:33:46' WHERE "id" = 3[0m
  [4;36;1mCategory Load (0.7ms)[0m   [0;1mSELECT * FROM "categories" WHERE ("categories"."parent_id" IS NULL) ORDER BY "lft" LIMIT 1[0m
  [4;35;1mCategory Load (0.8ms)[0m   [0mSELECT * FROM "categories" WHERE ("categories"."parent_id" = 1) ORDER BY "lft"[0m
  [4;36;1mCategory Load (1.0ms)[0m   [0;1mSELECT * FROM "categories" WHERE ("categories"."parent_id" = 2) ORDER BY "lft"[0m
  [4;35;1mCategory Load (0.5ms)[0m   [0mSELECT * FROM "categories" WHERE ("categories"."parent_id" = 4) ORDER BY "lft"[0m
  [4;36;1mCategory Load (0.6ms)[0m   [0;1mSELECT * FROM "categories" WHERE ("categories"."parent_id" = 5) ORDER BY "lft"[0m
  [4;35;1mCategory Load (0.4ms)[0m   [0mSELECT * FROM "categories" WHERE ("categories"."parent_id" = 6) ORDER BY "lft"[0m
  [4;36;1mCategory Load (0.8ms)[0m   [0;1mSELECT * FROM "categories" WHERE ("categories"."parent_id" = 7) ORDER BY "lft"[0m
  [4;35;1mCategory Load (0.4ms)[0m   [0mSELECT * FROM "categories" WHERE ("categories"."parent_id" = 8) ORDER BY "lft"[0m
  [4;36;1mCategory Load (0.5ms)[0m   [0;1mSELECT * FROM "categories" WHERE ("categories"."parent_id" = 9) ORDER BY "lft"[0m
  [4;35;1mCategory Load (0.4ms)[0m   [0mSELECT * FROM "categories" WHERE ("categories"."parent_id" = 3) ORDER BY "lft"[0m
  [4;36;1mCategory Load (0.4ms)[0m   [0;1mSELECT * FROM "categories" WHERE ("categories"."parent_id" = 10) ORDER BY "lft"[0m
  [4;35;1mCategory Load (0.7ms)[0m   [0mSELECT * FROM "categories" WHERE ("categories"."parent_id" = 11) ORDER BY "lft"[0m
  [4;36;1mCategory Load (0.6ms)[0m   [0;1mSELECT * FROM "categories" WHERE ("categories"."parent_id" = 12) ORDER BY "lft"[0m
  [4;35;1mCategory Load (0.5ms)[0m   [0mSELECT * FROM "categories" WHERE ("categories"."parent_id" = 13) ORDER BY "lft"[0m
  [4;36;1mCategory Load (0.5ms)[0m   [0;1mSELECT * FROM "categories" WHERE ("categories"."parent_id" = 14) ORDER BY "lft"[0m
Completed in 36ms (View: 1, DB: 9) | 200 OK [http://localhost/categories/3.xml]
